0 info it worked if it ends with ok
1 verbose cli [ 'C:\\Program Files\\nodejs\\\\node.exe',
1 verbose cli   'C:\\Program Files\\nodejs\\node_modules\\npm\\bin\\npm-cli.js',
1 verbose cli   'install',
1 verbose cli   '--save-dev',
1 verbose cli   'usemin' ]
2 info using npm@1.4.28
3 info using node@v0.10.33
4 verbose node symlink C:\Program Files\nodejs\\node.exe
5 warn package.json fastfood@0.0.0 No repository field.
6 verbose readDependencies using package.json deps
7 verbose cache add [ 'usemin', null ]
8 verbose cache add name=undefined spec="usemin" args=["usemin",null]
9 verbose parsed url { protocol: null,
9 verbose parsed url   slashes: null,
9 verbose parsed url   auth: null,
9 verbose parsed url   host: null,
9 verbose parsed url   port: null,
9 verbose parsed url   hostname: null,
9 verbose parsed url   hash: null,
9 verbose parsed url   search: null,
9 verbose parsed url   query: null,
9 verbose parsed url   pathname: 'usemin',
9 verbose parsed url   path: 'usemin',
9 verbose parsed url   href: 'usemin' }
10 silly lockFile c165f364-usemin usemin
11 verbose lock usemin C:\Users\leonzky\AppData\Roaming\npm-cache\c165f364-usemin.lock
12 silly lockFile c165f364-usemin usemin
13 silly lockFile c165f364-usemin usemin
14 verbose addNamed [ 'usemin', '' ]
15 verbose addNamed [ null, '*' ]
16 silly lockFile f9e31115-usemin usemin@
17 verbose lock usemin@ C:\Users\leonzky\AppData\Roaming\npm-cache\f9e31115-usemin.lock
18 silly addNameRange { name: 'usemin', range: '*', hasData: false }
19 verbose request where is /usemin
20 verbose request registry https://registry.npmjs.org/
21 verbose request id 7b653931c1647813
22 verbose url raw /usemin
23 verbose url resolving [ 'https://registry.npmjs.org/', './usemin' ]
24 verbose url resolved https://registry.npmjs.org/usemin
25 verbose request where is https://registry.npmjs.org/usemin
26 info trying registry request attempt 1 at 13:57:16
27 http GET https://registry.npmjs.org/usemin
28 http 404 https://registry.npmjs.org/usemin
29 verbose headers { date: 'Sat, 27 Dec 2014 21:57:17 GMT',
29 verbose headers   server: 'CouchDB/1.5.0 (Erlang OTP/R16B03)',
29 verbose headers   'content-type': 'application/json',
29 verbose headers   'cache-control': 'max-age=0',
29 verbose headers   'content-length': '52',
29 verbose headers   'accept-ranges': 'bytes',
29 verbose headers   via: '1.1 varnish',
29 verbose headers   age: '0',
29 verbose headers   'x-served-by': 'cache-sjc3134-SJC',
29 verbose headers   'x-cache': 'MISS',
29 verbose headers   'x-cache-hits': '0',
29 verbose headers   'x-timer': 'S1419717437.493206,VS0,VE35',
29 verbose headers   'keep-alive': 'timeout=10, max=50',
29 verbose headers   connection: 'Keep-Alive' }
30 silly registry.get cb [ 404,
30 silly registry.get   { date: 'Sat, 27 Dec 2014 21:57:17 GMT',
30 silly registry.get     server: 'CouchDB/1.5.0 (Erlang OTP/R16B03)',
30 silly registry.get     'content-type': 'application/json',
30 silly registry.get     'cache-control': 'max-age=0',
30 silly registry.get     'content-length': '52',
30 silly registry.get     'accept-ranges': 'bytes',
30 silly registry.get     via: '1.1 varnish',
30 silly registry.get     age: '0',
30 silly registry.get     'x-served-by': 'cache-sjc3134-SJC',
30 silly registry.get     'x-cache': 'MISS',
30 silly registry.get     'x-cache-hits': '0',
30 silly registry.get     'x-timer': 'S1419717437.493206,VS0,VE35',
30 silly registry.get     'keep-alive': 'timeout=10, max=50',
30 silly registry.get     connection: 'Keep-Alive' } ]
31 silly lockFile f9e31115-usemin usemin@
32 silly lockFile f9e31115-usemin usemin@
33 error 404 404 Not Found: usemin
33 error 404
33 error 404 'usemin' is not in the npm registry.
33 error 404 You should bug the author to publish it
33 error 404 It was specified as a dependency of 'fastfood'
33 error 404
33 error 404 Note that you can also install from a
33 error 404 tarball, folder, or http url, or git url.
34 error System Windows_NT 6.1.7601
35 error command "C:\\Program Files\\nodejs\\\\node.exe" "C:\\Program Files\\nodejs\\node_modules\\npm\\bin\\npm-cli.js" "install" "--save-dev" "usemin"
36 error cwd C:\Users\leonzky\Documents\GitHub\FastFood
37 error node -v v0.10.33
38 error npm -v 1.4.28
39 error code E404
40 verbose exit [ 1, true ]
